<?xml version="1.0" encoding="UTF-8"?>
<testsuite name="HelloWorldTest" tests="1" skipped="0" failures="0" errors="0" timestamp="2019-11-04T16:02:54" hostname="ViralTaco.local" time="0.041">
  <properties/>
  <testcase name="helloWorldTest" classname="HelloWorldTest" time="0.041"/>
  <system-out><![CDATA[]]></system-out>
  <system-err><![CDATA[]]></system-err>
</testsuite>
