<?xml version="1.0" encoding="UTF-8"?>
<testsuite name="GigasecondTest" tests="5" skipped="0" failures="0" errors="0" timestamp="2019-10-29T09:41:48" hostname="ViralTaco.local" time="0.019">
  <properties/>
  <testcase name="withFullTimeSpecified" classname="GigasecondTest" time="0.009"/>
  <testcase name="modernTime" classname="GigasecondTest" time="0.007"/>
  <testcase name="beforeEpochTime" classname="GigasecondTest" time="0.0"/>
  <testcase name="afterEpochTime" classname="GigasecondTest" time="0.001"/>
  <testcase name="withFullTimeSpecifiedAndDayRollover" classname="GigasecondTest" time="0.0"/>
  <system-out><![CDATA[]]></system-out>
  <system-err><![CDATA[]]></system-err>
</testsuite>
