<?xml version="1.0" encoding="UTF-8"?>
<testsuite name="com.viraltaco.triangle.TriangleTest" tests="19" skipped="0" failures="0" errors="0" timestamp="2020-06-26T21:17:26" hostname="MacBook-Pro.local" time="0.008">
  <properties/>
  <testcase name="verySmallTrianglesCanBeEquilateral" classname="com.viraltaco.triangle.TriangleTest" time="0.001"/>
  <testcase name="isoscelesTrianglesHaveLastTwoSidesEqual" classname="com.viraltaco.triangle.TriangleTest" time="0.001"/>
  <testcase name="trianglesWithOneUnequalSideAreNotEquilateral" classname="com.viraltaco.triangle.TriangleTest" time="0.0"/>
  <testcase name="scaleneTrianglesHaveNoEqualSides" classname="com.viraltaco.triangle.TriangleTest" time="0.0"/>
  <testcase name="trianglesWithNoEqualSidesAreNotEquilateral" classname="com.viraltaco.triangle.TriangleTest" time="0.0"/>
  <testcase name="isoscelesTrianglesHaveFirstAndLastSidesEqual" classname="com.viraltaco.triangle.TriangleTest" time="0.0"/>
  <testcase name="mayNotViolateTriangleInequality" classname="com.viraltaco.triangle.TriangleTest" time="0.001"/>
  <testcase name="firstTriangleInequalityViolation" classname="com.viraltaco.triangle.TriangleTest" time="0.001"/>
  <testcase name="twoSidesEqualAreNotScalene" classname="com.viraltaco.triangle.TriangleTest" time="0.0"/>
  <testcase name="thirdTriangleInequalityViolation" classname="com.viraltaco.triangle.TriangleTest" time="0.0"/>
  <testcase name="allSidesEqualAreNotScalene" classname="com.viraltaco.triangle.TriangleTest" time="0.0"/>
  <testcase name="equilateralTrianglesHaveEqualSides" classname="com.viraltaco.triangle.TriangleTest" time="0.0"/>
  <testcase name="trianglesWithNoSizeAreIllegal" classname="com.viraltaco.triangle.TriangleTest" time="0.0"/>
  <testcase name="isoscelesTrianglesHaveTwoFirstSidesEqual" classname="com.viraltaco.triangle.TriangleTest" time="0.001"/>
  <testcase name="equilateralTrianglesAreAlsoIsosceles" classname="com.viraltaco.triangle.TriangleTest" time="0.0"/>
  <testcase name="verySmallTrianglesCanBeIsosceles" classname="com.viraltaco.triangle.TriangleTest" time="0.001"/>
  <testcase name="noSidesAreEqualCantBeIsoceles" classname="com.viraltaco.triangle.TriangleTest" time="0.0"/>
  <testcase name="secondTriangleInequalityViolation" classname="com.viraltaco.triangle.TriangleTest" time="0.0"/>
  <testcase name="verySmallTrianglesCanBeScalene" classname="com.viraltaco.triangle.TriangleTest" time="0.0"/>
  <system-out><![CDATA[]]></system-out>
  <system-err><![CDATA[]]></system-err>
</testsuite>
